2022-07-10T21:59:46+00:00 CRITICAL Uncaught TypeError: call_user_func(): Argument #1 ($callback) must be a valid callback, function "breadcrumb_setting" not found or invalid function name in C:\xampp\htdocs\wp-multiaprimorar\wp-includes\customize\class-wp-customize-partial.php:221
Stack trace:
#0 C:\xampp\htdocs\wp-multiaprimorar\wp-includes\customize\class-wp-customize-selective-refresh.php(371): WP_Customize_Partial->render(Array)
#1 C:\xampp\htdocs\wp-multiaprimorar\wp-includes\class-wp-hook.php(307): WP_Customize_Selective_Refresh->handle_render_partials_request('')
#2 C:\xampp\htdocs\wp-multiaprimorar\wp-includes\class-wp-hook.php(331): WP_Hook->apply_filters(NULL, Array)
#3 C:\xampp\htdocs\wp-multiaprimorar\wp-includes\plugin.php(476): WP_Hook->do_action(Array)
#4 C:\xampp\htdocs\wp-multiaprimorar\wp-includes\template-loader.php(13): do_action('template_redire...')
#5 C:\xampp\htdocs\wp-multiaprimorar\wp-blog-header.php(19): require_once('C:\\xampp\\htdocs...')
#6 C:\xampp\htdocs\wp-multiaprimorar\index.php(17): require('C:\\xampp\\htdocs...')
#7 {main}
  thrown, em C:\xampp\htdocs\wp-multiaprimorar\wp-includes\customize\class-wp-customize-partial.php, na linha 221

2022-07-10T21:59:48+00:00 CRITICAL Uncaught TypeError: call_user_func(): Argument #1 ($callback) must be a valid callback, function "breadcrumb_setting" not found or invalid function name in C:\xampp\htdocs\wp-multiaprimorar\wp-includes\customize\class-wp-customize-partial.php:221
Stack trace:
#0 C:\xampp\htdocs\wp-multiaprimorar\wp-includes\customize\class-wp-customize-selective-refresh.php(371): WP_Customize_Partial->render(Array)
#1 C:\xampp\htdocs\wp-multiaprimorar\wp-includes\class-wp-hook.php(307): WP_Customize_Selective_Refresh->handle_render_partials_request('')
#2 C:\xampp\htdocs\wp-multiaprimorar\wp-includes\class-wp-hook.php(331): WP_Hook->apply_filters(NULL, Array)
#3 C:\xampp\htdocs\wp-multiaprimorar\wp-includes\plugin.php(476): WP_Hook->do_action(Array)
#4 C:\xampp\htdocs\wp-multiaprimorar\wp-includes\template-loader.php(13): do_action('template_redire...')
#5 C:\xampp\htdocs\wp-multiaprimorar\wp-blog-header.php(19): require_once('C:\\xampp\\htdocs...')
#6 C:\xampp\htdocs\wp-multiaprimorar\index.php(17): require('C:\\xampp\\htdocs...')
#7 {main}
  thrown, em C:\xampp\htdocs\wp-multiaprimorar\wp-includes\customize\class-wp-customize-partial.php, na linha 221

2022-07-10T21:59:49+00:00 CRITICAL Uncaught TypeError: call_user_func(): Argument #1 ($callback) must be a valid callback, function "breadcrumb_setting" not found or invalid function name in C:\xampp\htdocs\wp-multiaprimorar\wp-includes\customize\class-wp-customize-partial.php:221
Stack trace:
#0 C:\xampp\htdocs\wp-multiaprimorar\wp-includes\customize\class-wp-customize-selective-refresh.php(368): WP_Customize_Partial->render(NULL)
#1 C:\xampp\htdocs\wp-multiaprimorar\wp-includes\class-wp-hook.php(307): WP_Customize_Selective_Refresh->handle_render_partials_request('')
#2 C:\xampp\htdocs\wp-multiaprimorar\wp-includes\class-wp-hook.php(331): WP_Hook->apply_filters(NULL, Array)
#3 C:\xampp\htdocs\wp-multiaprimorar\wp-includes\plugin.php(476): WP_Hook->do_action(Array)
#4 C:\xampp\htdocs\wp-multiaprimorar\wp-includes\template-loader.php(13): do_action('template_redire...')
#5 C:\xampp\htdocs\wp-multiaprimorar\wp-blog-header.php(19): require_once('C:\\xampp\\htdocs...')
#6 C:\xampp\htdocs\wp-multiaprimorar\index.php(17): require('C:\\xampp\\htdocs...')
#7 {main}
  thrown, em C:\xampp\htdocs\wp-multiaprimorar\wp-includes\customize\class-wp-customize-partial.php, na linha 221

2022-07-10T21:59:58+00:00 CRITICAL Uncaught TypeError: call_user_func(): Argument #1 ($callback) must be a valid callback, function "breadcrumb_setting" not found or invalid function name in C:\xampp\htdocs\wp-multiaprimorar\wp-includes\customize\class-wp-customize-partial.php:221
Stack trace:
#0 C:\xampp\htdocs\wp-multiaprimorar\wp-includes\customize\class-wp-customize-selective-refresh.php(371): WP_Customize_Partial->render(Array)
#1 C:\xampp\htdocs\wp-multiaprimorar\wp-includes\class-wp-hook.php(307): WP_Customize_Selective_Refresh->handle_render_partials_request('')
#2 C:\xampp\htdocs\wp-multiaprimorar\wp-includes\class-wp-hook.php(331): WP_Hook->apply_filters(NULL, Array)
#3 C:\xampp\htdocs\wp-multiaprimorar\wp-includes\plugin.php(476): WP_Hook->do_action(Array)
#4 C:\xampp\htdocs\wp-multiaprimorar\wp-includes\template-loader.php(13): do_action('template_redire...')
#5 C:\xampp\htdocs\wp-multiaprimorar\wp-blog-header.php(19): require_once('C:\\xampp\\htdocs...')
#6 C:\xampp\htdocs\wp-multiaprimorar\index.php(17): require('C:\\xampp\\htdocs...')
#7 {main}
  thrown, em C:\xampp\htdocs\wp-multiaprimorar\wp-includes\customize\class-wp-customize-partial.php, na linha 221

2022-07-10T22:00:10+00:00 CRITICAL Uncaught TypeError: call_user_func(): Argument #1 ($callback) must be a valid callback, function "breadcrumb_setting" not found or invalid function name in C:\xampp\htdocs\wp-multiaprimorar\wp-includes\customize\class-wp-customize-partial.php:221
Stack trace:
#0 C:\xampp\htdocs\wp-multiaprimorar\wp-includes\customize\class-wp-customize-selective-refresh.php(368): WP_Customize_Partial->render(NULL)
#1 C:\xampp\htdocs\wp-multiaprimorar\wp-includes\class-wp-hook.php(307): WP_Customize_Selective_Refresh->handle_render_partials_request('')
#2 C:\xampp\htdocs\wp-multiaprimorar\wp-includes\class-wp-hook.php(331): WP_Hook->apply_filters(NULL, Array)
#3 C:\xampp\htdocs\wp-multiaprimorar\wp-includes\plugin.php(476): WP_Hook->do_action(Array)
#4 C:\xampp\htdocs\wp-multiaprimorar\wp-includes\template-loader.php(13): do_action('template_redire...')
#5 C:\xampp\htdocs\wp-multiaprimorar\wp-blog-header.php(19): require_once('C:\\xampp\\htdocs...')
#6 C:\xampp\htdocs\wp-multiaprimorar\index.php(17): require('C:\\xampp\\htdocs...')
#7 {main}
  thrown, em C:\xampp\htdocs\wp-multiaprimorar\wp-includes\customize\class-wp-customize-partial.php, na linha 221

